
📊 Dataset Summary
Total rows: 1246
Positives: 839 / 1246 (67.3%)
Features: 22

=== Cross-Validation Results (5 folds) ===
Mean AUC: 0.7708 ± 0.0688
Fold AUCs: ['0.861', '0.768', '0.650', '0.772', '0.803']

⚠ Calibration failed: CalibratedClassifierCV.__init__() got an unexpected keyword argument 'base_estimator' - saving uncalibrated model

=== Final Model Evaluation ===
Train size: 934, Test size: 312
Test set positives: 179/312 (57.4%)
AUC: 0.7583
Brier score: 0.2114
              precision    recall  f1-score   support

           0       0.58      0.74      0.65       133
           1       0.76      0.60      0.67       179

    accuracy                           0.66       312
   macro avg       0.67      0.67      0.66       312
weighted avg       0.68      0.66      0.66       312


Optimal threshold (F1): 0.179

=== Feature Importance (Top 10) ===
              feature  importance
    Market_Volatility    0.095532
                   RR    0.092500
          RR_Risk_Adj    0.078070
          RSI_Neutral    0.075866
              ATR_Pct    0.066833
   Dist_From_52w_High    0.060590
Relative_Strength_20d    0.057779
      Overext_Mom_Div    0.054869
     Mom_Acceleration    0.052909
           RR_MomCons    0.052392

✓ SHAP values saved to shap_values_sample.csv

✓ Calibrated model saved to model_xgboost_5d.pkl
