
📊 Dataset Summary
Total rows: 1246
Positives: 839 / 1246 (67.3%)
Features: 16

=== Cross-Validation Results (5 folds) ===
Mean AUC: 0.6822 ± 0.0608
Fold AUCs: ['0.762', '0.735', '0.594', '0.645', '0.675']

⚠ Calibration failed: CalibratedClassifierCV.__init__() got an unexpected keyword argument 'base_estimator' - saving uncalibrated model

=== Final Model Evaluation ===
Train size: 934, Test size: 312
Test set positives: 179/312 (57.4%)
AUC: 0.5628
Brier score: 0.2772
              precision    recall  f1-score   support

           0       0.49      0.69      0.58       133
           1       0.67      0.47      0.56       179

    accuracy                           0.57       312
   macro avg       0.58      0.58      0.57       312
weighted avg       0.60      0.57      0.57       312


Optimal threshold (F1): 0.097

=== Feature Importance (Top 10) ===
    feature  importance
    ATR_Pct    0.103130
 RR_MomCons    0.099080
RSI_Neutral    0.087205
    Overext    0.079461
Mom_Quality    0.072204
 ATR_Regime    0.071782
         RR    0.068758
    MomCons    0.068650
 Risk_Score    0.064583
        RSI    0.060051

✓ SHAP values saved to shap_values_sample.csv

✓ Calibrated model saved to model_xgboost_5d.pkl
