
📊 Dataset Summary
Total rows: 1246
Positives: 839 / 1246 (67.3%)
Features: 20

=== Cross-Validation Results (5 folds) ===
Mean AUC: 0.6801 ± 0.0722
Fold AUCs: ['0.748', '0.738', '0.576', '0.610', '0.729']

⚠ Calibration failed: CalibratedClassifierCV.__init__() got an unexpected keyword argument 'base_estimator' - saving uncalibrated model

=== Final Model Evaluation ===
Train size: 934, Test size: 312
Test set positives: 179/312 (57.4%)
AUC: 0.5222
Brier score: 0.2840
              precision    recall  f1-score   support

           0       0.45      0.62      0.52       133
           1       0.60      0.43      0.50       179

    accuracy                           0.51       312
   macro avg       0.52      0.52      0.51       312
weighted avg       0.54      0.51      0.51       312


Optimal threshold (F1): 0.134

=== Feature Importance (Top 10) ===
        feature  importance
        ATR_Pct    0.105162
     RR_MomCons    0.100179
    RSI_Neutral    0.083442
Overext_Mom_Div    0.076415
        Overext    0.064873
        MomCons    0.058932
     Risk_Score    0.057392
       VolSurge    0.056600
             RR    0.054043
  Vol_ATR_Ratio    0.052979

✓ SHAP values saved to shap_values_sample.csv

✓ Calibrated model saved to model_xgboost_5d.pkl
