
📊 Dataset Summary
Total rows: 1246
Positives: 839 / 1246 (67.3%)
Features: 10

=== Cross-Validation Results (5 folds) ===
Mean AUC: 0.6535 ± 0.0725
Fold AUCs: ['0.741', '0.736', '0.565', '0.595', '0.631']

⚠ Calibration failed: CalibratedClassifierCV.__init__() got an unexpected keyword argument 'base_estimator' - saving uncalibrated model

=== Final Model Evaluation ===
Train size: 934, Test size: 312
Test set positives: 179/312 (57.4%)
AUC: 0.5414
Brier score: 0.2810
              precision    recall  f1-score   support

           0       0.46      0.57      0.51       133
           1       0.61      0.49      0.54       179

    accuracy                           0.53       312
   macro avg       0.53      0.53      0.52       312
weighted avg       0.54      0.53      0.53       312


Optimal threshold (F1): 0.170

=== Feature Importance (Top 10) ===
    feature  importance
 RR_MomCons    0.150236
    ATR_Pct    0.136579
RSI_Neutral    0.127754
    MomCons    0.108240
    Overext    0.091573
         RR    0.088338
 Risk_Score    0.083417
    Vol_Mom    0.073976
        RSI    0.071872
   VolSurge    0.068016

✓ SHAP values saved to shap_values_sample.csv

✓ Calibrated model saved to model_xgboost_5d.pkl
